mode: set
github.com/jcloutz/fcc-go-timestamp-microservice/main.go:31.58,32.54 1 1
github.com/jcloutz/fcc-go-timestamp-microservice/main.go:32.54,35.3 2 1
github.com/jcloutz/fcc-go-timestamp-microservice/main.go:38.64,39.54 1 1
github.com/jcloutz/fcc-go-timestamp-microservice/main.go:39.54,49.65 5 1
github.com/jcloutz/fcc-go-timestamp-microservice/main.go:59.3,59.15 1 1
github.com/jcloutz/fcc-go-timestamp-microservice/main.go:65.3,68.10 3 1
github.com/jcloutz/fcc-go-timestamp-microservice/main.go:49.65,52.4 1 1
github.com/jcloutz/fcc-go-timestamp-microservice/main.go:52.4,55.4 1 1
github.com/jcloutz/fcc-go-timestamp-microservice/main.go:59.15,62.4 2 1
github.com/jcloutz/fcc-go-timestamp-microservice/main.go:72.24,79.2 5 1
github.com/jcloutz/fcc-go-timestamp-microservice/main.go:80.13,82.16 2 0
github.com/jcloutz/fcc-go-timestamp-microservice/main.go:87.2,88.57 2 0
github.com/jcloutz/fcc-go-timestamp-microservice/main.go:82.16,84.3 1 0
github.com/jcloutz/fcc-go-timestamp-microservice/main.go:84.3,86.3 1 0
github.com/jcloutz/fcc-go-timestamp-microservice/main.go:88.57,90.3 1 0
github.com/jcloutz/fcc-go-timestamp-microservice/main.go:93.52,98.2 3 1
github.com/jcloutz/fcc-go-timestamp-microservice/main.go:101.60,104.54 3 1
github.com/jcloutz/fcc-go-timestamp-microservice/main.go:104.54,106.3 1 0
github.com/jcloutz/fcc-go-timestamp-microservice/main.go:111.63,114.54 3 1
github.com/jcloutz/fcc-go-timestamp-microservice/main.go:114.54,116.3 1 0
github.com/jcloutz/fcc-go-timestamp-microservice/main.go:120.59,123.63 3 1
github.com/jcloutz/fcc-go-timestamp-microservice/main.go:123.63,125.3 1 0
github.com/jcloutz/fcc-go-timestamp-microservice/main.go:130.57,131.19 1 1
github.com/jcloutz/fcc-go-timestamp-microservice/main.go:134.2,136.40 3 1
github.com/jcloutz/fcc-go-timestamp-microservice/main.go:131.19,133.3 1 1
github.com/jcloutz/fcc-go-timestamp-microservice/main.go:141.59,144.16 3 1
github.com/jcloutz/fcc-go-timestamp-microservice/main.go:147.2,148.40 2 1
github.com/jcloutz/fcc-go-timestamp-microservice/main.go:144.16,146.3 1 1
