mode: set
github.com/jcloutz/fcc-go-timestamp-microservice/main.go:31.58,32.54 1 1
github.com/jcloutz/fcc-go-timestamp-microservice/main.go:32.54,35.3 2 1
github.com/jcloutz/fcc-go-timestamp-microservice/main.go:38.64,39.54 1 1
github.com/jcloutz/fcc-go-timestamp-microservice/main.go:39.54,43.20 3 1
github.com/jcloutz/fcc-go-timestamp-microservice/main.go:49.3,53.65 3 1
github.com/jcloutz/fcc-go-timestamp-microservice/main.go:63.3,63.15 1 1
github.com/jcloutz/fcc-go-timestamp-microservice/main.go:69.3,72.10 3 1
github.com/jcloutz/fcc-go-timestamp-microservice/main.go:43.20,46.4 2 1
github.com/jcloutz/fcc-go-timestamp-microservice/main.go:53.65,56.4 1 1
github.com/jcloutz/fcc-go-timestamp-microservice/main.go:56.4,59.4 1 1
github.com/jcloutz/fcc-go-timestamp-microservice/main.go:63.15,66.4 2 1
github.com/jcloutz/fcc-go-timestamp-microservice/main.go:76.24,83.2 5 1
github.com/jcloutz/fcc-go-timestamp-microservice/main.go:84.13,86.16 2 0
github.com/jcloutz/fcc-go-timestamp-microservice/main.go:91.2,92.57 2 0
github.com/jcloutz/fcc-go-timestamp-microservice/main.go:86.16,88.3 1 0
github.com/jcloutz/fcc-go-timestamp-microservice/main.go:88.3,90.3 1 0
github.com/jcloutz/fcc-go-timestamp-microservice/main.go:92.57,94.3 1 0
github.com/jcloutz/fcc-go-timestamp-microservice/main.go:97.52,102.2 3 1
github.com/jcloutz/fcc-go-timestamp-microservice/main.go:105.60,108.54 3 1
github.com/jcloutz/fcc-go-timestamp-microservice/main.go:108.54,110.3 1 0
github.com/jcloutz/fcc-go-timestamp-microservice/main.go:115.63,118.54 3 1
github.com/jcloutz/fcc-go-timestamp-microservice/main.go:118.54,120.3 1 0
github.com/jcloutz/fcc-go-timestamp-microservice/main.go:124.59,127.63 3 1
github.com/jcloutz/fcc-go-timestamp-microservice/main.go:127.63,129.3 1 0
github.com/jcloutz/fcc-go-timestamp-microservice/main.go:134.57,135.19 1 1
github.com/jcloutz/fcc-go-timestamp-microservice/main.go:138.2,140.40 3 1
github.com/jcloutz/fcc-go-timestamp-microservice/main.go:135.19,137.3 1 1
github.com/jcloutz/fcc-go-timestamp-microservice/main.go:145.59,148.16 3 1
github.com/jcloutz/fcc-go-timestamp-microservice/main.go:151.2,152.40 2 1
github.com/jcloutz/fcc-go-timestamp-microservice/main.go:148.16,150.3 1 1
